{"/Users/kevinmurphy/cs/anpan-webpage/src/App.jsx": {"path":"/Users/kevinmurphy/cs/anpan-webpage/src/App.jsx","statementMap":{"0":{"start":{"line":8,"column":15},"end":{"line":15,"column":1}},"1":{"start":{"line":9,"column":4},"end":{"line":14,"column":3}},"2":{"start":{"line":17,"column":17},"end":{"line":17,"column":51}},"3":{"start":{"line":17,"column":23},"end":{"line":17,"column":51}},"4":{"start":{"line":20,"column":12},"end":{"line":32,"column":1}},"5":{"start":{"line":21,"column":1},"end":{"line":31,"column":3}}},"fnMap":{"0":{"name":"(anonymous_0)","decl":{"start":{"line":8,"column":15},"end":{"line":8,"column":16}},"loc":{"start":{"line":8,"column":21},"end":{"line":15,"column":1}},"line":8},"1":{"name":"(anonymous_1)","decl":{"start":{"line":17,"column":17},"end":{"line":17,"column":18}},"loc":{"start":{"line":17,"column":23},"end":{"line":17,"column":51}},"line":17},"2":{"name":"(anonymous_2)","decl":{"start":{"line":20,"column":12},"end":{"line":20,"column":13}},"loc":{"start":{"line":20,"column":18},"end":{"line":32,"column":1}},"line":20}},"branchMap":{},"s":{"0":0,"1":0,"2":0,"3":0,"4":0,"5":0},"f":{"0":0,"1":0,"2":0},"b":{}}
,"/Users/kevinmurphy/cs/anpan-webpage/src/index.js": {"path":"/Users/kevinmurphy/cs/anpan-webpage/src/index.js","statementMap":{"0":{"start":{"line":7,"column":18},"end":{"line":7,"column":49}},"1":{"start":{"line":8,"column":13},"end":{"line":8,"column":34}},"2":{"start":{"line":9,"column":0},"end":{"line":13,"column":2}}},"fnMap":{},"branchMap":{},"s":{"0":0,"1":0,"2":0},"f":{},"b":{}}
,"/Users/kevinmurphy/cs/anpan-webpage/src/components/CodeGenerator.jsx": {"path":"/Users/kevinmurphy/cs/anpan-webpage/src/components/CodeGenerator.jsx","statementMap":{"0":{"start":{"line":4,"column":22},"end":{"line":119,"column":1}},"1":{"start":{"line":5,"column":41},"end":{"line":5,"column":53}},"2":{"start":{"line":6,"column":29},"end":{"line":6,"column":41}},"3":{"start":{"line":7,"column":37},"end":{"line":7,"column":49}},"4":{"start":{"line":9,"column":1},"end":{"line":22,"column":26}},"5":{"start":{"line":11,"column":2},"end":{"line":21,"column":3}},"6":{"start":{"line":13,"column":3},"end":{"line":20,"column":5}},"7":{"start":{"line":24,"column":22},"end":{"line":49,"column":2}},"8":{"start":{"line":25,"column":2},"end":{"line":25,"column":21}},"9":{"start":{"line":27,"column":19},"end":{"line":27,"column":41}},"10":{"start":{"line":29,"column":19},"end":{"line":29,"column":57}},"11":{"start":{"line":32,"column":2},"end":{"line":32,"column":37}},"12":{"start":{"line":32,"column":30},"end":{"line":32,"column":37}},"13":{"start":{"line":34,"column":2},"end":{"line":34,"column":37}},"14":{"start":{"line":36,"column":20},"end":{"line":36,"column":33}},"15":{"start":{"line":38,"column":2},"end":{"line":38,"column":53}},"16":{"start":{"line":39,"column":2},"end":{"line":40,"column":54}},"17":{"start":{"line":40,"column":3},"end":{"line":40,"column":54}},"18":{"start":{"line":41,"column":2},"end":{"line":42,"column":52}},"19":{"start":{"line":42,"column":3},"end":{"line":42,"column":52}},"20":{"start":{"line":43,"column":2},"end":{"line":43,"column":53}},"21":{"start":{"line":44,"column":2},"end":{"line":44,"column":55}},"22":{"start":{"line":46,"column":2},"end":{"line":46,"column":23}},"23":{"start":{"line":48,"column":2},"end":{"line":48,"column":9}},"24":{"start":{"line":51,"column":1},"end":{"line":118,"column":3}}},"fnMap":{"0":{"name":"(anonymous_0)","decl":{"start":{"line":4,"column":22},"end":{"line":4,"column":23}},"loc":{"start":{"line":4,"column":28},"end":{"line":119,"column":1}},"line":4},"1":{"name":"(anonymous_1)","decl":{"start":{"line":9,"column":11},"end":{"line":9,"column":12}},"loc":{"start":{"line":9,"column":17},"end":{"line":22,"column":2}},"line":9},"2":{"name":"(anonymous_2)","decl":{"start":{"line":24,"column":22},"end":{"line":24,"column":23}},"loc":{"start":{"line":24,"column":29},"end":{"line":49,"column":2}},"line":24}},"branchMap":{"0":{"loc":{"start":{"line":11,"column":2},"end":{"line":21,"column":3}},"type":"if","locations":[{"start":{"line":11,"column":2},"end":{"line":21,"column":3}},{"start":{},"end":{}}],"line":11},"1":{"loc":{"start":{"line":32,"column":2},"end":{"line":32,"column":37}},"type":"if","locations":[{"start":{"line":32,"column":2},"end":{"line":32,"column":37}},{"start":{},"end":{}}],"line":32},"2":{"loc":{"start":{"line":39,"column":2},"end":{"line":40,"column":54}},"type":"if","locations":[{"start":{"line":39,"column":2},"end":{"line":40,"column":54}},{"start":{},"end":{}}],"line":39},"3":{"loc":{"start":{"line":41,"column":2},"end":{"line":42,"column":52}},"type":"if","locations":[{"start":{"line":41,"column":2},"end":{"line":42,"column":52}},{"start":{},"end":{}}],"line":41},"4":{"loc":{"start":{"line":106,"column":6},"end":{"line":114,"column":6}},"type":"binary-expr","locations":[{"start":{"line":106,"column":6},"end":{"line":106,"column":18}},{"start":{"line":107,"column":6},"end":{"line":113,"column":8}}],"line":106}},"s":{"0":0,"1":0,"2":0,"3":0,"4":0,"5":0,"6":0,"7":0,"8":0,"9":0,"10":0,"11":0,"12":0,"13":0,"14":0,"15":0,"16":0,"17":0,"18":0,"19":0,"20":0,"21":0,"22":0,"23":0,"24":0},"f":{"0":0,"1":0,"2":0},"b":{"0":[0,0],"1":[0,0],"2":[0,0],"3":[0,0],"4":[0,0]}}
,"/Users/kevinmurphy/cs/anpan-webpage/src/components/ContactCard.jsx": {"path":"/Users/kevinmurphy/cs/anpan-webpage/src/components/ContactCard.jsx","statementMap":{"0":{"start":{"line":6,"column":1},"end":{"line":20,"column":3}}},"fnMap":{"0":{"name":"ContactCard","decl":{"start":{"line":5,"column":9},"end":{"line":5,"column":20}},"loc":{"start":{"line":5,"column":56},"end":{"line":21,"column":1}},"line":5}},"branchMap":{},"s":{"0":0},"f":{"0":0},"b":{}}
,"/Users/kevinmurphy/cs/anpan-webpage/src/components/ContactInfo.jsx": {"path":"/Users/kevinmurphy/cs/anpan-webpage/src/components/ContactInfo.jsx","statementMap":{"0":{"start":{"line":11,"column":2},"end":{"line":11,"column":21}},"1":{"start":{"line":12,"column":2},"end":{"line":12,"column":27}},"2":{"start":{"line":13,"column":2},"end":{"line":13,"column":23}},"3":{"start":{"line":14,"column":2},"end":{"line":14,"column":19}},"4":{"start":{"line":19,"column":15},"end":{"line":24,"column":1}},"5":{"start":{"line":25,"column":12},"end":{"line":30,"column":1}},"6":{"start":{"line":31,"column":14},"end":{"line":36,"column":1}},"7":{"start":{"line":37,"column":15},"end":{"line":42,"column":1}},"8":{"start":{"line":43,"column":20},"end":{"line":43,"column":48}},"9":{"start":{"line":47,"column":18},"end":{"line":58,"column":7}},"10":{"start":{"line":48,"column":2},"end":{"line":56,"column":4}},"11":{"start":{"line":57,"column":2},"end":{"line":57,"column":13}},"12":{"start":{"line":59,"column":1},"end":{"line":64,"column":3}}},"fnMap":{"0":{"name":"(anonymous_0)","decl":{"start":{"line":10,"column":1},"end":{"line":10,"column":2}},"loc":{"start":{"line":10,"column":44},"end":{"line":15,"column":2}},"line":10},"1":{"name":"ContactInfo","decl":{"start":{"line":45,"column":9},"end":{"line":45,"column":20}},"loc":{"start":{"line":45,"column":23},"end":{"line":65,"column":1}},"line":45},"2":{"name":"(anonymous_2)","decl":{"start":{"line":47,"column":37},"end":{"line":47,"column":38}},"loc":{"start":{"line":47,"column":54},"end":{"line":58,"column":2}},"line":47}},"branchMap":{},"s":{"0":0,"1":0,"2":0,"3":0,"4":0,"5":0,"6":0,"7":0,"8":0,"9":0,"10":0,"11":0,"12":0},"f":{"0":0,"1":0,"2":0},"b":{}}
,"/Users/kevinmurphy/cs/anpan-webpage/src/components/HomePage.jsx": {"path":"/Users/kevinmurphy/cs/anpan-webpage/src/components/HomePage.jsx","statementMap":{"0":{"start":{"line":5,"column":17},"end":{"line":47,"column":1}},"1":{"start":{"line":6,"column":1},"end":{"line":46,"column":3}}},"fnMap":{"0":{"name":"(anonymous_0)","decl":{"start":{"line":5,"column":17},"end":{"line":5,"column":18}},"loc":{"start":{"line":5,"column":23},"end":{"line":47,"column":1}},"line":5}},"branchMap":{},"s":{"0":0,"1":0},"f":{"0":0},"b":{}}
,"/Users/kevinmurphy/cs/anpan-webpage/src/components/NavBar.jsx": {"path":"/Users/kevinmurphy/cs/anpan-webpage/src/components/NavBar.jsx","statementMap":{"0":{"start":{"line":8,"column":15},"end":{"line":43,"column":1}},"1":{"start":{"line":9,"column":1},"end":{"line":42,"column":3}}},"fnMap":{"0":{"name":"(anonymous_0)","decl":{"start":{"line":8,"column":15},"end":{"line":8,"column":16}},"loc":{"start":{"line":8,"column":21},"end":{"line":43,"column":1}},"line":8}},"branchMap":{},"s":{"0":0,"1":0},"f":{"0":0},"b":{}}
}
